Vivado Simulator v2023.1
Copyright 1986-2022 Xilinx, Inc. All Rights Reserved.
Copyright 2022-2023 Advanced Micro Devices, Inc. All Rights Reserved.
Running: /tools/Vivado/2023.1/bin/unwrapped/lnx64.o/xelab --incr --debug typical --relax --mt 8 -L xil_defaultlib -L secureip --snapshot TestMicro2_behav xil_defaultlib.TestMicro2 -log elaborate.log 
Using 8 slave threads.
Starting static elaboration
Completed static elaboration
Starting simulation data flow analysis
Completed simulation data flow analysis
Time Resolution for simulation is 1ps
Compiling package std.standard
Compiling package std.textio
Compiling package ieee.std_logic_1164
Compiling package ieee.numeric_std
Compiling package unisim.vcomponents
Compiling architecture behavioral of entity xil_defaultlib.full_add [full_add_default]
Compiling architecture structural of entity xil_defaultlib.ADD8 [add8_default]
Compiling architecture behavioral of entity xil_defaultlib.Ex_OR [ex_or_default]
Compiling architecture behavioral of entity xil_defaultlib.MUX1 [mux1_default]
Compiling architecture behavioral of entity xil_defaultlib.MUX_8 [mux_8_default]
Compiling architecture behavioral of entity xil_defaultlib.ALU [alu_default]
Compiling architecture behavioral of entity xil_defaultlib.ACCUM [accum_default]
Compiling architecture behavioral of entity xil_defaultlib.MICRO2 [micro2_default]
Compiling architecture behavioral of entity xil_defaultlib.testmicro2
Built simulation snapshot TestMicro2_behav
